# JRE version: OpenJDK Runtime Environment Corretto-11.0.18.10.1 (11.0.18+10) (build 11.0.18+10-LTS)
# Java VM: OpenJDK 64-Bit Server VM Corretto-11.0.18.10.1 (11.0.18+10-LTS, mixed mode, tiered, compressed oops, g1 gc, windows-amd64)
Heap:
 garbage-first heap   total 262144K, used 112563K [0x00000000e0000000, 0x0000000100000000)
  region size 1024K, 50 young (51200K), 4 survivors (4096K)
 Metaspace       used 70192K, capacity 72647K, committed 72752K, reserved 317440K
  class space    used 9138K, capacity 10078K, committed 10112K, reserved 253952K
GC Heap History (20 events):
Event: 4.281 GC heap before
{Heap before GC invocations=2 (full 0):
 garbage-first heap   total 262144K, used 40181K [0x00000000e0000000, 0x0000000100000000)
  region size 1024K, 31 young (31744K), 2 survivors (2048K)
 Metaspace       used 11310K, capacity 11571K, committed 11776K, reserved 266240K
  class space    used 1147K, capacity 1242K, committed 1280K, reserved 253952K
}
Event: 4.288 GC heap after
{Heap after GC invocations=3 (full 0):
 garbage-first heap   total 262144K, used 13153K [0x00000000e0000000, 0x0000000100000000)
  region size 1024K, 4 young (4096K), 4 survivors (4096K)
 Metaspace       used 11310K, capacity 11571K, committed 11776K, reserved 266240K
  class space    used 1147K, capacity 1242K, committed 1280K, reserved 253952K
}
Event: 11.559 GC heap before
{Heap before GC invocations=3 (full 0):
 garbage-first heap   total 262144K, used 56161K [0x00000000e0000000, 0x0000000100000000)
  region size 1024K, 46 young (47104K), 4 survivors (4096K)
 Metaspace       used 18433K, capacity 18924K, committed 19072K, reserved 272384K
  class space    used 2161K, capacity 2315K, committed 2432K, reserved 253952K
}
Event: 11.569 GC heap after
{Heap after GC invocations=4 (full 0):
 garbage-first heap   total 262144K, used 16997K [0x00000000e0000000, 0x0000000100000000)
  region size 1024K, 6 young (6144K), 6 survivors (6144K)
 Metaspace       used 18433K, capacity 18924K, committed 19072K, reserved 272384K
  class space    used 2161K, capacity 2315K, committed 2432K, reserved 253952K
}
Event: 12.208 GC heap before
{Heap before GC invocations=4 (full 0):
 garbage-first heap   total 262144K, used 38501K [0x00000000e0000000, 0x0000000100000000)
  region size 1024K, 28 young (28672K), 6 survivors (6144K)
 Metaspace       used 20781K, capacity 21150K, committed 21296K, reserved 274432K
  class space    used 2513K, capacity 2651K, committed 2688K, reserved 253952K
}
Event: 12.217 GC heap after
{Heap after GC invocations=5 (full 0):
 garbage-first heap   total 262144K, used 17584K [0x00000000e0000000, 0x0000000100000000)
  region size 1024K, 4 young (4096K), 4 survivors (4096K)
 Metaspace       used 20781K, capacity 21150K, committed 21296K, reserved 274432K
  class space    used 2513K, capacity 2651K, committed 2688K, reserved 253952K
}
Event: 13.828 GC heap before
{Heap before GC invocations=6 (full 0):
 garbage-first heap   total 262144K, used 70832K [0x00000000e0000000, 0x0000000100000000)
  region size 1024K, 56 young (57344K), 4 survivors (4096K)
 Metaspace       used 26528K, capacity 27173K, committed 27440K, reserved 278528K
  class space    used 3449K, capacity 3694K, committed 3712K, reserved 253952K
}
Event: 13.851 GC heap after
{Heap after GC invocations=7 (full 0):
 garbage-first heap   total 262144K, used 19487K [0x00000000e0000000, 0x0000000100000000)
  region size 1024K, 6 young (6144K), 6 survivors (6144K)
 Metaspace       used 26528K, capacity 27173K, committed 27440K, reserved 278528K
  class space    used 3449K, capacity 3694K, committed 3712K, reserved 253952K
}
Event: 15.556 GC heap before
{Heap before GC invocations=7 (full 0):
 garbage-first heap   total 262144K, used 89119K [0x00000000e0000000, 0x0000000100000000)
  region size 1024K, 75 young (76800K), 6 survivors (6144K)
 Metaspace       used 34965K, capacity 35816K, committed 35920K, reserved 286720K
  class space    used 4549K, capacity 4855K, committed 4864K, reserved 253952K
}
Event: 15.577 GC heap after
{Heap after GC invocations=8 (full 0):
 garbage-first heap   total 262144K, used 23042K [0x00000000e0000000, 0x0000000100000000)
  region size 1024K, 9 young (9216K), 9 survivors (9216K)
 Metaspace       used 34965K, capacity 35816K, committed 35920K, reserved 286720K
  class space    used 4549K, capacity 4855K, committed 4864K, reserved 253952K
}
Event: 19.105 GC heap before
{Heap before GC invocations=9 (full 0):
 garbage-first heap   total 262144K, used 143874K [0x00000000e0000000, 0x0000000100000000)
  region size 1024K, 124 young (126976K), 9 survivors (9216K)
 Metaspace       used 46438K, capacity 47525K, committed 47792K, reserved 296960K
  class space    used 5921K, capacity 6358K, committed 6400K, reserved 253952K
}
Event: 19.172 GC heap after
{Heap after GC invocations=10 (full 0):
 garbage-first heap   total 262144K, used 29783K [0x00000000e0000000, 0x0000000100000000)
  region size 1024K, 13 young (13312K), 13 survivors (13312K)
 Metaspace       used 46438K, capacity 47525K, committed 47792K, reserved 296960K
  class space    used 5921K, capacity 6358K, committed 6400K, reserved 253952K
}
Event: 23.415 GC heap before
{Heap before GC invocations=11 (full 0):
 garbage-first heap   total 262144K, used 168023K [0x00000000e0000000, 0x0000000100000000)
  region size 1024K, 148 young (151552K), 13 survivors (13312K)
 Metaspace       used 56202K, capacity 58034K, committed 58288K, reserved 305152K
  class space    used 7428K, capacity 8145K, committed 8192K, reserved 253952K
}
Event: 23.599 GC heap after
{Heap after GC invocations=12 (full 0):
 garbage-first heap   total 262144K, used 38625K [0x00000000e0000000, 0x0000000100000000)
  region size 1024K, 16 young (16384K), 16 survivors (16384K)
 Metaspace       used 56202K, capacity 58034K, committed 58288K, reserved 305152K
  class space    used 7428K, capacity 8145K, committed 8192K, reserved 253952K
}
Event: 30.432 GC heap before
{Heap before GC invocations=12 (full 0):
 garbage-first heap   total 262144K, used 180961K [0x00000000e0000000, 0x0000000100000000)
  region size 1024K, 153 young (156672K), 16 survivors (16384K)
 Metaspace       used 65709K, capacity 68021K, committed 68144K, reserved 313344K
  class space    used 8608K, capacity 9477K, committed 9600K, reserved 253952K
}
Event: 30.793 GC heap after
{Heap after GC invocations=13 (full 0):
 garbage-first heap   total 262144K, used 61440K [0x00000000e0000000, 0x0000000100000000)
  region size 1024K, 20 young (20480K), 20 survivors (20480K)
 Metaspace       used 65709K, capacity 68021K, committed 68144K, reserved 313344K
  class space    used 8608K, capacity 9477K, committed 9600K, reserved 253952K
}
Event: 31.174 GC heap before
{Heap before GC invocations=13 (full 0):
 garbage-first heap   total 262144K, used 63488K [0x00000000e0000000, 0x0000000100000000)
  region size 1024K, 22 young (22528K), 20 survivors (20480K)
 Metaspace       used 65836K, capacity 68191K, committed 68400K, reserved 313344K
  class space    used 8621K, capacity 9514K, committed 9600K, reserved 253952K
}
Event: 31.306 GC heap after
{Heap after GC invocations=14 (full 0):
 garbage-first heap   total 262144K, used 64512K [0x00000000e0000000, 0x0000000100000000)
  region size 1024K, 2 young (2048K), 2 survivors (2048K)
 Metaspace       used 65836K, capacity 68191K, committed 68400K, reserved 313344K
  class space    used 8621K, capacity 9514K, committed 9600K, reserved 253952K
}
Event: 33.209 GC heap before
{Heap before GC invocations=14 (full 0):
 garbage-first heap   total 262144K, used 98304K [0x00000000e0000000, 0x0000000100000000)
  region size 1024K, 36 young (36864K), 2 survivors (2048K)
 Metaspace       used 68400K, capacity 70636K, committed 70960K, reserved 315392K
  class space    used 8903K, capacity 9775K, committed 9856K, reserved 253952K
}
Event: 33.229 GC heap after
{Heap after GC invocations=15 (full 0):
 garbage-first heap   total 262144K, used 66483K [0x00000000e0000000, 0x0000000100000000)
  region size 1024K, 4 young (4096K), 4 survivors (4096K)
 Metaspace       used 68400K, capacity 70636K, committed 70960K, reserved 315392K
  class space    used 8903K, capacity 9775K, committed 9856K, reserved 253952K
}

