# JRE version: OpenJDK Runtime Environment Corretto-11.0.18.10.1 (11.0.18+10) (build 11.0.18+10-LTS)
# Java VM: OpenJDK 64-Bit Server VM Corretto-11.0.18.10.1 (11.0.18+10-LTS, mixed mode, tiered, compressed oops, g1 gc, windows-amd64)
Heap:
 garbage-first heap   total 57344K, used 23627K [0x00000000e0000000, 0x0000000100000000)
  region size 1024K, 18 young (18432K), 2 survivors (2048K)
 Metaspace       used 19406K, capacity 20097K, committed 20352K, reserved 1067008K
  class space    used 2131K, capacity 2420K, committed 2432K, reserved 1048576K
GC Heap History (6 events):
Event: 6.680 GC heap before
{Heap before GC invocations=0 (full 0):
 garbage-first heap   total 57344K, used 15360K [0x00000000e0000000, 0x0000000100000000)
  region size 1024K, 14 young (14336K), 0 survivors (0K)
 Metaspace       used 9916K, capacity 10130K, committed 10368K, reserved 1058816K
  class space    used 958K, capacity 1036K, committed 1152K, reserved 1048576K
}
Event: 6.707 GC heap after
{Heap after GC invocations=1 (full 0):
 garbage-first heap   total 57344K, used 6893K [0x00000000e0000000, 0x0000000100000000)
  region size 1024K, 2 young (2048K), 2 survivors (2048K)
 Metaspace       used 9916K, capacity 10130K, committed 10368K, reserved 1058816K
  class space    used 958K, capacity 1036K, committed 1152K, reserved 1048576K
}
Event: 9.334 GC heap before
{Heap before GC invocations=1 (full 0):
 garbage-first heap   total 57344K, used 13037K [0x00000000e0000000, 0x0000000100000000)
  region size 1024K, 8 young (8192K), 2 survivors (2048K)
 Metaspace       used 12716K, capacity 13032K, committed 13312K, reserved 1060864K
  class space    used 1314K, capacity 1416K, committed 1536K, reserved 1048576K
}
Event: 9.370 GC heap after
{Heap after GC invocations=2 (full 0):
 garbage-first heap   total 57344K, used 7552K [0x00000000e0000000, 0x0000000100000000)
  region size 1024K, 1 young (1024K), 1 survivors (1024K)
 Metaspace       used 12716K, capacity 13032K, committed 13312K, reserved 1060864K
  class space    used 1314K, capacity 1416K, committed 1536K, reserved 1048576K
}
Event: 11.074 GC heap before
{Heap before GC invocations=2 (full 0):
 garbage-first heap   total 57344K, used 23936K [0x00000000e0000000, 0x0000000100000000)
  region size 1024K, 17 young (17408K), 1 survivors (1024K)
 Metaspace       used 15798K, capacity 16449K, committed 16640K, reserved 1064960K
  class space    used 1776K, capacity 2036K, committed 2048K, reserved 1048576K
}
Event: 11.077 GC heap after
{Heap after GC invocations=3 (full 0):
 garbage-first heap   total 57344K, used 8267K [0x00000000e0000000, 0x0000000100000000)
  region size 1024K, 2 young (2048K), 2 survivors (2048K)
 Metaspace       used 15798K, capacity 16449K, committed 16640K, reserved 1064960K
  class space    used 1776K, capacity 2036K, committed 2048K, reserved 1048576K
}

