# JRE version: OpenJDK Runtime Environment Corretto-11.0.18.10.1 (11.0.18+10) (build 11.0.18+10-LTS)
# Java VM: OpenJDK 64-Bit Server VM Corretto-11.0.18.10.1 (11.0.18+10-LTS, mixed mode, tiered, compressed oops, g1 gc, windows-amd64)
Heap:
 garbage-first heap   total 57344K, used 35609K [0x00000000e0000000, 0x0000000100000000)
  region size 1024K, 18 young (18432K), 2 survivors (2048K)
 Metaspace       used 32595K, capacity 33682K, committed 33920K, reserved 1079296K
  class space    used 3783K, capacity 4173K, committed 4224K, reserved 1048576K
GC Heap History (18 events):
Event: 1.682 GC heap before
{Heap before GC invocations=0 (full 0):
 garbage-first heap   total 57344K, used 15360K [0x00000000e0000000, 0x0000000100000000)
  region size 1024K, 14 young (14336K), 0 survivors (0K)
 Metaspace       used 9632K, capacity 9856K, committed 10112K, reserved 1058816K
  class space    used 925K, capacity 1029K, committed 1152K, reserved 1048576K
}
Event: 1.694 GC heap after
{Heap after GC invocations=1 (full 0):
 garbage-first heap   total 57344K, used 6897K [0x00000000e0000000, 0x0000000100000000)
  region size 1024K, 2 young (2048K), 2 survivors (2048K)
 Metaspace       used 9632K, capacity 9856K, committed 10112K, reserved 1058816K
  class space    used 925K, capacity 1029K, committed 1152K, reserved 1048576K
}
Event: 2.749 GC heap before
{Heap before GC invocations=1 (full 0):
 garbage-first heap   total 57344K, used 13041K [0x00000000e0000000, 0x0000000100000000)
  region size 1024K, 8 young (8192K), 2 survivors (2048K)
 Metaspace       used 12798K, capacity 13102K, committed 13312K, reserved 1060864K
  class space    used 1309K, capacity 1416K, committed 1536K, reserved 1048576K
}
Event: 2.753 GC heap after
{Heap after GC invocations=2 (full 0):
 garbage-first heap   total 57344K, used 7647K [0x00000000e0000000, 0x0000000100000000)
  region size 1024K, 1 young (1024K), 1 survivors (1024K)
 Metaspace       used 12798K, capacity 13102K, committed 13312K, reserved 1060864K
  class space    used 1309K, capacity 1416K, committed 1536K, reserved 1048576K
}
Event: 3.764 GC heap before
{Heap before GC invocations=2 (full 0):
 garbage-first heap   total 57344K, used 24031K [0x00000000e0000000, 0x0000000100000000)
  region size 1024K, 18 young (18432K), 1 survivors (1024K)
 Metaspace       used 16035K, capacity 16671K, committed 16896K, reserved 1064960K
  class space    used 1786K, capacity 2035K, committed 2048K, reserved 1048576K
}
Event: 3.768 GC heap after
{Heap after GC invocations=3 (full 0):
 garbage-first heap   total 57344K, used 8359K [0x00000000e0000000, 0x0000000100000000)
  region size 1024K, 2 young (2048K), 2 survivors (2048K)
 Metaspace       used 16035K, capacity 16671K, committed 16896K, reserved 1064960K
  class space    used 1786K, capacity 2035K, committed 2048K, reserved 1048576K
}
Event: 5.158 GC heap before
{Heap before GC invocations=3 (full 0):
 garbage-first heap   total 57344K, used 27815K [0x00000000e0000000, 0x0000000100000000)
  region size 1024K, 21 young (21504K), 2 survivors (2048K)
 Metaspace       used 20049K, capacity 20734K, committed 20992K, reserved 1067008K
  class space    used 2187K, capacity 2451K, committed 2560K, reserved 1048576K
}
Event: 5.166 GC heap after
{Heap after GC invocations=4 (full 0):
 garbage-first heap   total 57344K, used 10543K [0x00000000e0000000, 0x0000000100000000)
  region size 1024K, 3 young (3072K), 3 survivors (3072K)
 Metaspace       used 20049K, capacity 20734K, committed 20992K, reserved 1067008K
  class space    used 2187K, capacity 2451K, committed 2560K, reserved 1048576K
}
Event: 5.469 GC heap before
{Heap before GC invocations=4 (full 0):
 garbage-first heap   total 57344K, used 16687K [0x00000000e0000000, 0x0000000100000000)
  region size 1024K, 10 young (10240K), 3 survivors (3072K)
 Metaspace       used 20518K, capacity 21173K, committed 21248K, reserved 1069056K
  class space    used 2215K, capacity 2491K, committed 2560K, reserved 1048576K
}
Event: 5.479 GC heap after
{Heap after GC invocations=5 (full 0):
 garbage-first heap   total 57344K, used 12343K [0x00000000e0000000, 0x0000000100000000)
  region size 1024K, 2 young (2048K), 2 survivors (2048K)
 Metaspace       used 20518K, capacity 21173K, committed 21248K, reserved 1069056K
  class space    used 2215K, capacity 2491K, committed 2560K, reserved 1048576K
}
Event: 6.246 GC heap before
{Heap before GC invocations=6 (full 0):
 garbage-first heap   total 57344K, used 29751K [0x00000000e0000000, 0x0000000100000000)
  region size 1024K, 19 young (19456K), 2 survivors (2048K)
 Metaspace       used 21800K, capacity 22577K, committed 22656K, reserved 1069056K
  class space    used 2377K, capacity 2661K, committed 2688K, reserved 1048576K
}
Event: 6.252 GC heap after
{Heap after GC invocations=7 (full 0):
 garbage-first heap   total 57344K, used 14086K [0x00000000e0000000, 0x0000000100000000)
  region size 1024K, 3 young (3072K), 3 survivors (3072K)
 Metaspace       used 21800K, capacity 22577K, committed 22656K, reserved 1069056K
  class space    used 2377K, capacity 2661K, committed 2688K, reserved 1048576K
}
Event: 6.743 GC heap before
{Heap before GC invocations=7 (full 0):
 garbage-first heap   total 57344K, used 32518K [0x00000000e0000000, 0x0000000100000000)
  region size 1024K, 21 young (21504K), 3 survivors (3072K)
 Metaspace       used 23849K, capacity 24673K, committed 24832K, reserved 1071104K
  class space    used 2665K, capacity 2957K, committed 3072K, reserved 1048576K
}
Event: 6.749 GC heap after
{Heap after GC invocations=8 (full 0):
 garbage-first heap   total 57344K, used 14692K [0x00000000e0000000, 0x0000000100000000)
  region size 1024K, 2 young (2048K), 2 survivors (2048K)
 Metaspace       used 23849K, capacity 24673K, committed 24832K, reserved 1071104K
  class space    used 2665K, capacity 2957K, committed 3072K, reserved 1048576K
}
Event: 7.630 GC heap before
{Heap before GC invocations=8 (full 0):
 garbage-first heap   total 57344K, used 33124K [0x00000000e0000000, 0x0000000100000000)
  region size 1024K, 20 young (20480K), 2 survivors (2048K)
 Metaspace       used 27009K, capacity 27817K, committed 28032K, reserved 1073152K
  class space    used 3057K, capacity 3364K, committed 3456K, reserved 1048576K
}
Event: 7.636 GC heap after
{Heap after GC invocations=9 (full 0):
 garbage-first heap   total 57344K, used 15332K [0x00000000e0000000, 0x0000000100000000)
  region size 1024K, 2 young (2048K), 2 survivors (2048K)
 Metaspace       used 27009K, capacity 27817K, committed 28032K, reserved 1073152K
  class space    used 3057K, capacity 3364K, committed 3456K, reserved 1048576K
}
Event: 9.457 GC heap before
{Heap before GC invocations=9 (full 0):
 garbage-first heap   total 57344K, used 35812K [0x00000000e0000000, 0x0000000100000000)
  region size 1024K, 22 young (22528K), 2 survivors (2048K)
 Metaspace       used 30529K, capacity 31546K, committed 31616K, reserved 1077248K
  class space    used 3510K, capacity 3909K, committed 3968K, reserved 1048576K
}
Event: 9.464 GC heap after
{Heap after GC invocations=10 (full 0):
 garbage-first heap   total 57344K, used 16153K [0x00000000e0000000, 0x0000000100000000)
  region size 1024K, 2 young (2048K), 2 survivors (2048K)
 Metaspace       used 30529K, capacity 31546K, committed 31616K, reserved 1077248K
  class space    used 3510K, capacity 3909K, committed 3968K, reserved 1048576K
}

