# JRE version: OpenJDK Runtime Environment Corretto-11.0.18.10.1 (11.0.18+10) (build 11.0.18+10-LTS)
# Java VM: OpenJDK 64-Bit Server VM Corretto-11.0.18.10.1 (11.0.18+10-LTS, mixed mode, tiered, compressed oops, g1 gc, windows-amd64)
Heap:
 garbage-first heap   total 57344K, used 25813K [0x00000000e0000000, 0x0000000100000000)
  region size 1024K, 15 young (15360K), 2 survivors (2048K)
 Metaspace       used 27439K, capacity 28291K, committed 28544K, reserved 1075200K
  class space    used 3120K, capacity 3428K, committed 3456K, reserved 1048576K
GC Heap History (14 events):
Event: 1.012 GC heap before
{Heap before GC invocations=0 (full 0):
 garbage-first heap   total 57344K, used 15360K [0x00000000e0000000, 0x0000000100000000)
  region size 1024K, 14 young (14336K), 0 survivors (0K)
 Metaspace       used 9889K, capacity 10130K, committed 10368K, reserved 1058816K
  class space    used 958K, capacity 1036K, committed 1152K, reserved 1048576K
}
Event: 1.022 GC heap after
{Heap after GC invocations=1 (full 0):
 garbage-first heap   total 57344K, used 7015K [0x00000000e0000000, 0x0000000100000000)
  region size 1024K, 2 young (2048K), 2 survivors (2048K)
 Metaspace       used 9889K, capacity 10130K, committed 10368K, reserved 1058816K
  class space    used 958K, capacity 1036K, committed 1152K, reserved 1048576K
}
Event: 2.657 GC heap before
{Heap before GC invocations=1 (full 0):
 garbage-first heap   total 57344K, used 12135K [0x00000000e0000000, 0x0000000100000000)
  region size 1024K, 7 young (7168K), 2 survivors (2048K)
 Metaspace       used 12561K, capacity 12840K, committed 13056K, reserved 1060864K
  class space    used 1296K, capacity 1416K, committed 1536K, reserved 1048576K
}
Event: 2.662 GC heap after
{Heap after GC invocations=2 (full 0):
 garbage-first heap   total 57344K, used 7543K [0x00000000e0000000, 0x0000000100000000)
  region size 1024K, 1 young (1024K), 1 survivors (1024K)
 Metaspace       used 12561K, capacity 12840K, committed 13056K, reserved 1060864K
  class space    used 1296K, capacity 1416K, committed 1536K, reserved 1048576K
}
Event: 3.340 GC heap before
{Heap before GC invocations=2 (full 0):
 garbage-first heap   total 57344K, used 22903K [0x00000000e0000000, 0x0000000100000000)
  region size 1024K, 17 young (17408K), 1 survivors (1024K)
 Metaspace       used 15408K, capacity 15975K, committed 16128K, reserved 1062912K
  class space    used 1717K, capacity 1924K, committed 2048K, reserved 1048576K
}
Event: 3.342 GC heap after
{Heap after GC invocations=3 (full 0):
 garbage-first heap   total 57344K, used 8135K [0x00000000e0000000, 0x0000000100000000)
  region size 1024K, 2 young (2048K), 2 survivors (2048K)
 Metaspace       used 15408K, capacity 15975K, committed 16128K, reserved 1062912K
  class space    used 1717K, capacity 1924K, committed 2048K, reserved 1048576K
}
Event: 4.010 GC heap before
{Heap before GC invocations=3 (full 0):
 garbage-first heap   total 57344K, used 26567K [0x00000000e0000000, 0x0000000100000000)
  region size 1024K, 20 young (20480K), 2 survivors (2048K)
 Metaspace       used 19484K, capacity 20090K, committed 20352K, reserved 1067008K
  class space    used 2143K, capacity 2419K, committed 2432K, reserved 1048576K
}
Event: 4.015 GC heap after
{Heap after GC invocations=4 (full 0):
 garbage-first heap   total 57344K, used 10193K [0x00000000e0000000, 0x0000000100000000)
  region size 1024K, 3 young (3072K), 3 survivors (3072K)
 Metaspace       used 19484K, capacity 20090K, committed 20352K, reserved 1067008K
  class space    used 2143K, capacity 2419K, committed 2432K, reserved 1048576K
}
Event: 4.351 GC heap before
{Heap before GC invocations=4 (full 0):
 garbage-first heap   total 57344K, used 25553K [0x00000000e0000000, 0x0000000100000000)
  region size 1024K, 19 young (19456K), 3 survivors (3072K)
 Metaspace       used 20545K, capacity 21164K, committed 21248K, reserved 1069056K
  class space    used 2242K, capacity 2501K, committed 2560K, reserved 1048576K
}
Event: 4.361 GC heap after
{Heap after GC invocations=5 (full 0):
 garbage-first heap   total 57344K, used 12619K [0x00000000e0000000, 0x0000000100000000)
  region size 1024K, 3 young (3072K), 3 survivors (3072K)
 Metaspace       used 20545K, capacity 21164K, committed 21248K, reserved 1069056K
  class space    used 2242K, capacity 2501K, committed 2560K, reserved 1048576K
}
Event: 4.791 GC heap before
{Heap before GC invocations=6 (full 0):
 garbage-first heap   total 57344K, used 32075K [0x00000000e0000000, 0x0000000100000000)
  region size 1024K, 22 young (22528K), 3 survivors (3072K)
 Metaspace       used 22119K, capacity 22866K, committed 23040K, reserved 1069056K
  class space    used 2461K, capacity 2748K, committed 2816K, reserved 1048576K
}
Event: 4.796 GC heap after
{Heap after GC invocations=7 (full 0):
 garbage-first heap   total 57344K, used 13651K [0x00000000e0000000, 0x0000000100000000)
  region size 1024K, 2 young (2048K), 2 survivors (2048K)
 Metaspace       used 22119K, capacity 22866K, committed 23040K, reserved 1069056K
  class space    used 2461K, capacity 2748K, committed 2816K, reserved 1048576K
}
Event: 5.287 GC heap before
{Heap before GC invocations=7 (full 0):
 garbage-first heap   total 57344K, used 35155K [0x00000000e0000000, 0x0000000100000000)
  region size 1024K, 23 young (23552K), 2 survivors (2048K)
 Metaspace       used 25127K, capacity 26015K, committed 26368K, reserved 1073152K
  class space    used 2865K, capacity 3204K, committed 3328K, reserved 1048576K
}
Event: 5.290 GC heap after
{Heap after GC invocations=8 (full 0):
 garbage-first heap   total 57344K, used 14549K [0x00000000e0000000, 0x0000000100000000)
  region size 1024K, 2 young (2048K), 2 survivors (2048K)
 Metaspace       used 25127K, capacity 26015K, committed 26368K, reserved 1073152K
  class space    used 2865K, capacity 3204K, committed 3328K, reserved 1048576K
}

